<?xml version="1.0" encoding="UTF-8"?>
<testsuite xmlns:xsi="http://www.w3.org/2001/XMLSchema-instance" xsi:noNamespaceSchemaLocation="https://maven.apache.org/surefire/maven-surefire-plugin/xsd/surefire-test-report.xsd" name="com.graphhopper.navigation.NavigateResourceTest" time="13.254" tests="7" errors="0" skipped="0" failures="0">
  <properties>
[...]
</properties>
  <testcase name="doGetConstructorTest" classname="com.graphhopper.navigation.NavigateResourceTest" time="10.27"/>
  <testcase name="doPostReturns200" classname="com.graphhopper.navigation.NavigateResourceTest" time="2.548"/>
  <testcase name="invalidDoPostThrowsException" classname="com.graphhopper.navigation.NavigateResourceTest" time="0.041"/>
  <testcase name="doGetWithErrorsReturns422" classname="com.graphhopper.navigation.NavigateResourceTest" time="0.217"/>
  <testcase name="invalidDoGetParameterThrowsException" classname="com.graphhopper.navigation.NavigateResourceTest" time="0.01"/>
  <testcase name="voiceInstructionsTest" classname="com.graphhopper.navigation.NavigateResourceTest" time="0.009"/>
  <testcase name="invalidBearingsThrowsException" classname="com.graphhopper.navigation.NavigateResourceTest" time="0.009"/>
</testsuite>